# JRE version: Java(TM) SE Runtime Environment (8.0_261-b12) (build 1.8.0_261-b12)
# Java VM: Java HotSpot(TM) 64-Bit Server VM (25.261-b12 mixed mode windows-amd64 compressed oops)
Heap:
 PSYoungGen      total 164352K, used 30899K [0x000000076b200000, 0x000000077a280000, 0x00000007c0000000)
  eden space 151552K, 11% used [0x000000076b200000,0x000000076c3b22c8,0x0000000774600000)
  from space 12800K, 99% used [0x0000000774600000,0x000000077527abb0,0x0000000775280000)
  to   space 12800K, 0% used [0x0000000775280000,0x0000000775280000,0x0000000775f00000)
 ParOldGen       total 142336K, used 16905K [0x00000006c1600000, 0x00000006ca100000, 0x000000076b200000)
  object space 142336K, 11% used [0x00000006c1600000,0x00000006c2682468,0x00000006ca100000)
 Metaspace       used 51247K, capacity 54196K, committed 54232K, reserved 1095680K
  class space    used 6894K, capacity 7422K, committed 7424K, reserved 1048576K
GC Heap History (10 events):
Event: 1.211 GC heap before
{Heap before GC invocations=5 (full 1):
 PSYoungGen      total 76288K, used 65536K [0x000000076b200000, 0x0000000774700000, 0x00000007c0000000)
  eden space 65536K, 100% used [0x000000076b200000,0x000000076f200000,0x000000076f200000)
  from space 10752K, 0% used [0x000000076f200000,0x000000076f200000,0x000000076fc80000)
  to   space 10752K, 0% used [0x0000000773c80000,0x0000000773c80000,0x0000000774700000)
 ParOldGen       total 100864K, used 6943K [0x00000006c1600000, 0x00000006c7880000, 0x000000076b200000)
  object space 100864K, 6% used [0x00000006c1600000,0x00000006c1cc7d38,0x00000006c7880000)
 Metaspace       used 24792K, capacity 26174K, committed 26368K, reserved 1073152K
  class space    used 3176K, capacity 3459K, committed 3584K, reserved 1048576K
Event: 1.215 GC heap after
Heap after GC invocations=5 (full 1):
 PSYoungGen      total 109568K, used 8466K [0x000000076b200000, 0x0000000774500000, 0x00000007c0000000)
  eden space 100864K, 0% used [0x000000076b200000,0x000000076b200000,0x0000000771480000)
  from space 8704K, 97% used [0x0000000773c80000,0x00000007744c4990,0x0000000774500000)
  to   space 10752K, 0% used [0x0000000773000000,0x0000000773000000,0x0000000773a80000)
 ParOldGen       total 100864K, used 6951K [0x00000006c1600000, 0x00000006c7880000, 0x000000076b200000)
  object space 100864K, 6% used [0x00000006c1600000,0x00000006c1cc9d38,0x00000006c7880000)
 Metaspace       used 24792K, capacity 26174K, committed 26368K, reserved 1073152K
  class space    used 3176K, capacity 3459K, committed 3584K, reserved 1048576K
}
Event: 1.761 GC heap before
{Heap before GC invocations=6 (full 1):
 PSYoungGen      total 109568K, used 109330K [0x000000076b200000, 0x0000000774500000, 0x00000007c0000000)
  eden space 100864K, 100% used [0x000000076b200000,0x0000000771480000,0x0000000771480000)
  from space 8704K, 97% used [0x0000000773c80000,0x00000007744c4990,0x0000000774500000)
  to   space 10752K, 0% used [0x0000000773000000,0x0000000773000000,0x0000000773a80000)
 ParOldGen       total 100864K, used 6951K [0x00000006c1600000, 0x00000006c7880000, 0x000000076b200000)
  object space 100864K, 6% used [0x00000006c1600000,0x00000006c1cc9d38,0x00000006c7880000)
 Metaspace       used 32364K, capacity 34510K, committed 34688K, reserved 1079296K
  class space    used 4219K, capacity 4611K, committed 4736K, reserved 1048576K
Event: 1.766 GC heap after
Heap after GC invocations=6 (full 1):
 PSYoungGen      total 139776K, used 10730K [0x000000076b200000, 0x0000000775f00000, 0x00000007c0000000)
  eden space 129024K, 0% used [0x000000076b200000,0x000000076b200000,0x0000000773000000)
  from space 10752K, 99% used [0x0000000773000000,0x0000000773a7aa00,0x0000000773a80000)
  to   space 12800K, 0% used [0x0000000775280000,0x0000000775280000,0x0000000775f00000)
 ParOldGen       total 100864K, used 7755K [0x00000006c1600000, 0x00000006c7880000, 0x000000076b200000)
  object space 100864K, 7% used [0x00000006c1600000,0x00000006c1d92ca8,0x00000006c7880000)
 Metaspace       used 32364K, capacity 34510K, committed 34688K, reserved 1079296K
  class space    used 4219K, capacity 4611K, committed 4736K, reserved 1048576K
}
Event: 1.791 GC heap before
{Heap before GC invocations=7 (full 1):
 PSYoungGen      total 139776K, used 18031K [0x000000076b200000, 0x0000000775f00000, 0x00000007c0000000)
  eden space 129024K, 5% used [0x000000076b200000,0x000000076b921560,0x0000000773000000)
  from space 10752K, 99% used [0x0000000773000000,0x0000000773a7aa00,0x0000000773a80000)
  to   space 12800K, 0% used [0x0000000775280000,0x0000000775280000,0x0000000775f00000)
 ParOldGen       total 100864K, used 7755K [0x00000006c1600000, 0x00000006c7880000, 0x000000076b200000)
  object space 100864K, 7% used [0x00000006c1600000,0x00000006c1d92ca8,0x00000006c7880000)
 Metaspace       used 33176K, capacity 35390K, committed 35416K, reserved 1079296K
  class space    used 4327K, capacity 4725K, committed 4736K, reserved 1048576K
Event: 1.795 GC heap after
Heap after GC invocations=7 (full 1):
 PSYoungGen      total 164352K, used 8004K [0x000000076b200000, 0x000000077a280000, 0x00000007c0000000)
  eden space 151552K, 0% used [0x000000076b200000,0x000000076b200000,0x0000000774600000)
  from space 12800K, 62% used [0x0000000775280000,0x0000000775a51100,0x0000000775f00000)
  to   space 12800K, 0% used [0x0000000774600000,0x0000000774600000,0x0000000775280000)
 ParOldGen       total 100864K, used 7763K [0x00000006c1600000, 0x00000006c7880000, 0x000000076b200000)
  object space 100864K, 7% used [0x00000006c1600000,0x00000006c1d94ca8,0x00000006c7880000)
 Metaspace       used 33176K, capacity 35390K, committed 35416K, reserved 1079296K
  class space    used 4327K, capacity 4725K, committed 4736K, reserved 1048576K
}
Event: 1.795 GC heap before
{Heap before GC invocations=8 (full 2):
 PSYoungGen      total 164352K, used 8004K [0x000000076b200000, 0x000000077a280000, 0x00000007c0000000)
  eden space 151552K, 0% used [0x000000076b200000,0x000000076b200000,0x0000000774600000)
  from space 12800K, 62% used [0x0000000775280000,0x0000000775a51100,0x0000000775f00000)
  to   space 12800K, 0% used [0x0000000774600000,0x0000000774600000,0x0000000775280000)
 ParOldGen       total 100864K, used 7763K [0x00000006c1600000, 0x00000006c7880000, 0x000000076b200000)
  object space 100864K, 7% used [0x00000006c1600000,0x00000006c1d94ca8,0x00000006c7880000)
 Metaspace       used 33176K, capacity 35390K, committed 35416K, reserved 1079296K
  class space    used 4327K, capacity 4725K, committed 4736K, reserved 1048576K
Event: 1.837 GC heap after
Heap after GC invocations=8 (full 2):
 PSYoungGen      total 164352K, used 0K [0x000000076b200000, 0x000000077a280000, 0x00000007c0000000)
  eden space 151552K, 0% used [0x000000076b200000,0x000000076b200000,0x0000000774600000)
  from space 12800K, 0% used [0x0000000775280000,0x0000000775280000,0x0000000775f00000)
  to   space 12800K, 0% used [0x0000000774600000,0x0000000774600000,0x0000000775280000)
 ParOldGen       total 142336K, used 12500K [0x00000006c1600000, 0x00000006ca100000, 0x000000076b200000)
  object space 142336K, 8% used [0x00000006c1600000,0x00000006c2235110,0x00000006ca100000)
 Metaspace       used 33176K, capacity 35390K, committed 35416K, reserved 1079296K
  class space    used 4327K, capacity 4725K, committed 4736K, reserved 1048576K
}
Event: 15.196 GC heap before
{Heap before GC invocations=9 (full 2):
 PSYoungGen      total 164352K, used 151552K [0x000000076b200000, 0x000000077a280000, 0x00000007c0000000)
  eden space 151552K, 100% used [0x000000076b200000,0x0000000774600000,0x0000000774600000)
  from space 12800K, 0% used [0x0000000775280000,0x0000000775280000,0x0000000775f00000)
  to   space 12800K, 0% used [0x0000000774600000,0x0000000774600000,0x0000000775280000)
 ParOldGen       total 142336K, used 12500K [0x00000006c1600000, 0x00000006ca100000, 0x000000076b200000)
  object space 142336K, 8% used [0x00000006c1600000,0x00000006c2235110,0x00000006ca100000)
 Metaspace       used 48798K, capacity 51716K, committed 51928K, reserved 1093632K
  class space    used 6608K, capacity 7142K, committed 7168K, reserved 1048576K
Event: 15.206 GC heap after
Heap after GC invocations=9 (full 2):
 PSYoungGen      total 164352K, used 12778K [0x000000076b200000, 0x000000077a280000, 0x00000007c0000000)
  eden space 151552K, 0% used [0x000000076b200000,0x000000076b200000,0x0000000774600000)
  from space 12800K, 99% used [0x0000000774600000,0x000000077527abb0,0x0000000775280000)
  to   space 12800K, 0% used [0x0000000775280000,0x0000000775280000,0x0000000775f00000)
 ParOldGen       total 142336K, used 16905K [0x00000006c1600000, 0x00000006ca100000, 0x000000076b200000)
  object space 142336K, 11% used [0x00000006c1600000,0x00000006c2682468,0x00000006ca100000)
 Metaspace       used 48798K, capacity 51716K, committed 51928K, reserved 1093632K
  class space    used 6608K, capacity 7142K, committed 7168K, reserved 1048576K
}

